d:\adatok\elte\grafika\robot_mo\robot_mo\robot_mo\x64\debug\vc143.pdb
d:\adatok\elte\grafika\robot_mo\robot_mo\robot_mo\x64\debug\vc143.idb
d:\adatok\elte\grafika\robot_mo\robot_mo\robot_mo\x64\debug\myapp.obj
d:\adatok\elte\grafika\robot_mo\robot_mo\robot_mo\x64\debug\main.obj
d:\adatok\elte\grafika\robot_mo\robot_mo\robot_mo\x64\debug\sdl_gldebugmessagecallback.obj
d:\adatok\elte\grafika\robot_mo\robot_mo\robot_mo\x64\debug\objparser.obj
d:\adatok\elte\grafika\robot_mo\robot_mo\robot_mo\x64\debug\glutils.obj
d:\adatok\elte\grafika\robot_mo\robot_mo\robot_mo\x64\debug\cameramanipulator.obj
d:\adatok\elte\grafika\robot_mo\robot_mo\robot_mo\x64\debug\camera.obj
d:\adatok\elte\grafika\robot_mo\robot_mo\x64\debug\robot_mo.exe
d:\adatok\elte\grafika\robot_mo\robot_mo\x64\debug\robot_mo.pdb
d:\adatok\elte\grafika\robot_mo\robot_mo\x64\debug\glew32d.dll
d:\adatok\elte\grafika\robot_mo\robot_mo\x64\debug\sdl3.dll
d:\adatok\elte\grafika\robot_mo\robot_mo\x64\debug\sdl3_image.dll
d:\adatok\elte\grafika\robot_mo\robot_mo\x64\debug\jpeg62.dll
d:\adatok\elte\grafika\robot_mo\robot_mo\x64\debug\libpng16d.dll
d:\adatok\elte\grafika\robot_mo\robot_mo\x64\debug\zlibd1.dll
d:\adatok\elte\grafika\robot_mo\robot_mo\robot_mo\x64\debug\robot_mo.ilk
d:\adatok\elte\grafika\robot_mo\robot_mo\robot_mo\x64\debug\robot_mo.tlog\cl.command.1.tlog
d:\adatok\elte\grafika\robot_mo\robot_mo\robot_mo\x64\debug\robot_mo.tlog\cl.items.tlog
d:\adatok\elte\grafika\robot_mo\robot_mo\robot_mo\x64\debug\robot_mo.tlog\cl.read.1.tlog
d:\adatok\elte\grafika\robot_mo\robot_mo\robot_mo\x64\debug\robot_mo.tlog\cl.write.1.tlog
d:\adatok\elte\grafika\robot_mo\robot_mo\robot_mo\x64\debug\robot_mo.tlog\link.command.1.tlog
d:\adatok\elte\grafika\robot_mo\robot_mo\robot_mo\x64\debug\robot_mo.tlog\link.read.1.tlog
d:\adatok\elte\grafika\robot_mo\robot_mo\robot_mo\x64\debug\robot_mo.tlog\link.secondary.1.tlog
d:\adatok\elte\grafika\robot_mo\robot_mo\robot_mo\x64\debug\robot_mo.tlog\link.write.1.tlog
d:\adatok\elte\grafika\robot_mo\robot_mo\robot_mo\x64\debug\robot_mo.tlog\robot_mo.write.1u.tlog
